%%%%%%%%%%%%%%%%%%%%%%%%%%%%%%%%%%%%%%%%%%%%%%%%%%%%%%%%%%%%%%%%%%%%%%%%%%%%%%%%%%%%%%%%%%%%%%%%%%%%
ALL SITES ARE REACHABLE.....
TOI HTML DATA DOWNLOADED LOCALLY USING REQUESTS MODULE
%%%%%%%%%%%%%%%%%%%%%%%%%%%%%%%%%%%%%%%%%%%%%%%%%%%%%%%%%%%%%%%%%%%%%%%%%%%%%%%%%%%%%%%%%%%%%%%%%%%%
FOLLOWING ARE THE DIV'S ....
%%%%%%%%%%%%%%%%%%%%%%%%%%%%%%%%%%%%%%%%%%%%%%%%%%%%%%%%%%%%%%%%%%%%%%%%%%%%%%%%%%%%%%%%%%%%%%%%%%%%
THE LIST OF CLASSES ARE AS FOLLOWS....webonly
alC

top-area
container
row
column
column
user_area
clearfix
user-controls
dropdown
main-area
container
adbox-left
adbox-right
logo
bottom-area
container
allmenu-content
dropdown
two-column
left-column
simple-list
right-column
nav-loading
top-stories
dropdown
multi-list
dropdown
multi-list
dropdown
nav-loading
top-stories
dropdown
two-column
left-column
simple-list
follow
social-icons
right-column
nav-loading
top-stories
dropdown
two-column
left-column
simple-list
follow
social-icons
right-column
nav-loading
top-stories
dropdown
two-column
left-column
simple-list
follow
social-icons
right-column
nav-loading
top-stories
dropdown
nav-loading
top-stories
dropdown
two-column
left-column
simple-list
follow
social-icons
right-column
nav-loading
top-stories
dropdown
two-column
left-column
simple-list
follow
social-icons
right-column
nav-loading
top-stories
dropdown
two-column
left-column
simple-list
right-column
nav-loading
top-stories
dropdown
two-column
left-column
simple-list
follow
social-icons
right-column
nav-loading
top-stories
dropdown
nav-loading
top-stories
dropdown
two-column
left-column
simple-list
follow
social-icons
right-column
nav-loading
top-stories
dropdown
nav-loading
top-stories
dropdown
nav-loading
top-stories
dropdown
two-column
left-column
simple-list
right-column
nav-loading
top-stories
search-form
wrapper
inner
jAutoSuggestorBox
adsdivlyr
adsdivlyr
wrapper
clearfix
ros_skinning_lhs
ros_skinning_rhs
breaking-news
wrapper
featured
top-story
ad1
ipadmt
entrmnt-wdgt-outer
webonly
entrmnt-wdgt
clearfix
stories
swdgt
entslides
stories
tvlinks
vid_heading
clearfix
flR
video_parent
jVodContainer
clearfix
flR
vid_mainplayer
vid_items-list
jVideoList
scl-wdgt
jSocialIcons
scl-wdgt
jSocialIcons
scl-wdgt
jSocialIcons
scl-wdgt
jSocialIcons
scl-wdgt
jSocialIcons
scl-wdgt
jSocialIcons
scl-wdgt
jSocialIcons
scl-wdgt
jSocialIcons
scl-wdgt
jSocialIcons
scl-wdgt
jSocialIcons
jLiveTvContainer
liveTvContainer
hidden
clearfix
flR
vid_items-list
jLiveTvChannelList
main-content
two-column-layout1
clearfix
column1
widget
sechead
widget
fnews
clearfix
toicity
toi-widgets
widget
clearfix
orange
widget-heading
clearfix
custom-dropdown
filtermodal
overlay
filterbox
filtermodal-dialog
filtermodal-content
filtermodal-header
filtermodal-body
content
sechead
column2
clearfix
widget
swdgt
pt0
widget
fnews
clearfix
ad1
ad300x100
midad1
widget
red
entertainmet-widget
widget-heading
clearfix
hn_dd
inner
section
red-bdr-btm
clearfix
column1
hnd
column2
section
red-bdr-btm
clearfix
column1
hnd
column2
section
last
clearfix
column1
column2
widget
red-bdrleft
custom-dropdown
drop-down-list
dropdownScroll
midad1
widget
fullwidth
clearfix
event-news
election-news
widget-heading
clearfix
related-stories
related-stories
widget
fullwidth
clearfix
event-news
ipl-news
widget-heading
clearfix
related-stories
player-detail
clearfix
player-detail
clearfix
tech-gn-wdt
toihp_gn_section
clearfix
l_widgets
storylinkblk
gnsection
gnnews
gnreview
r_widgets
latest_gadgets_section
gnsection
gnpopulartech
gnlinksblk
shopping_times_wdgt
clearfix
shopping_wdgt_wrapper
shopping_gadgets_outer
details
details
details
details
details
details
details
details
details
details
details
details
details
details
details
details
details
details
details
details
details
details
details
details
details
details
details
details
details
details
details
toi-widgets
clearfix
widget
clearfix

widget-heading
clearfix
widget
poll-widget
sidebar2
widget
latestmostwdt
tabcontent
mostshared
list_article
tabcontent
latest
tabcontent
mostcommented
ad1
ad1
ad1
ad1
ad1

blue
jVideoList
widget-heading

rhshpvid
ad1
rhshpvid
widget
clearfix
custom-dropdown
drop-down-list
dropdownScroll
rhshpvid
widget
clearfix
custom-dropdown
drop-down-list
dropdownScroll
rhshpvid
rhshpvid
rhshpvid
rhshpvid
notinipad
clearfix
widget
list_gallery
latest
widget
orange

widget-heading

clearfix
widget
widget-heading

widget
violet
clearfix
widget-heading
clearfix
toi-widgets
clearfix
widget
fullwidth
clearfix
rpos
citrus
widget-heading
clearfix
related-stories
widget
fullwidth
clearfix
rpos
eastern-blue
widget-heading
clearfix
related-stories
lifenstyle-widget
widget-heading
clearfix
inner
ls_inner_row
clearfix
widget
clearfix
ruby
widget-heading
clearfix
widget
widget-heading
clearfix
ls_inner_row
clearfix
widget
clearfix

widget-heading
clearfix
widget
clearfix

widget-heading
clearfix
ls_inner_row
clearfix
widget
clearfix
widget-heading
clearfix
widget
clearfix
widget-heading
clearfix
ls_inner_row
clearfix
widget
clearfix
rpos
travel-green
widget-heading
clearfix
all-related-stories
widget
clearfix
wild-willow
widget-heading
clearfix
widget
fullwidth
clearfix
rpos
blue
widget-heading
clearfix
related-stories
widget
clearfix
orange
widget-heading
clearfix
widget
clearfix

widget-heading
clearfix
widget
fullwidth
clearfix
rpos
cricket-lightblue
widget-heading
clearfix
related-stories
widget
clearfix

widget-heading
clearfix
widget
clearfix
rust
widget-heading
clearfix
widget
clearfix
red
widget-heading
clearfix
custom-dropdown
filtermodal
overlay
filterbox
filtermodal-dialog
filtermodal-content
filtermodal-header
filtermodal-body
content
widget
clearfix
san-marino
widget-heading
clearfix
widget
clearfix
pink
widget-heading
clearfix
widget
clearfix
viking
widget-heading
clearfix
custom-dropdown
drop-down-list
dropdownScroll
gallery-widget
infocrtn
photos
title-bar
clearfix
inner
clearfix
specials-widget
clearfix
webonly
midad1
widget
fullwidth
clearfix
rpos
allports
widget-heading
clearfix
related-stories
widget
clearfix
green
widget-heading
clearfix
widget
clearfix

widget-heading
clearfix
widget
clearfix
safty-orange
widget-heading
clearfix
widget
clearfix
bazaar
widget-heading
clearfix
gallery-widget
infocrtn
title-bar
clearfix
inner
clearfix
inner
clearfix
hide
partners-wrapper
blk
app-icons
partners-widgets
clearfix
widget
widget-heading2
clearfix
widget
widget-heading2
clearfix
loader
alC
wrapper
row
level1
clearfix
column
section
section
section
column
section
section
section
section
level2
row
clearfix
column
sociable
column
download-apps
level3
wrapper
links
wrapper
webonly
webonly
webonly
webonly
%%%%%%%%%%%%%%%%%%%%%%%%%%%%%%%%%%%%%%%%%%%%%%%%%%%%%%%%%%%%%%%%%%%%%%%%%%%%%%%%%%%%%%%%%%%%%%%%%%%%
TOP STORY AND STORIES CLASS FOUND....
topstory:-<div class="top-story">
<h2 class="hd1">TOP NEWS STORIES</h2>
<ul class="list8" data-vr-zone="top_stories">
<li>
<a href="/india/brace-for-more-haryana-shuts-schools-after-storm-warning/articleshow/64056446.cms" pg="#Story_View-2-geturl~Top_Story_Section" title="Brace for more: North India on storm alert">Brace for more: North India on storm alert</a><a href="/india/brace-for-more-haryana-shuts-schools-after-storm-warning/articleshow/64056446.cms" pg="#Story_View-2-geturl~Top_Story_Section"><i class="icon_video"></i></a>
</li>
<li>
<a href="https://timesofindia.indiatimes.com/videos/city/bengaluru/do-women-matter-in-karnataka-elections/videoshow/64049311.cms" pg="#Story_View-3-geturl~Top_Story_Section" title="Watch: Episode No. 3 of 'Election With Times'">Watch: Episode No. 3 of 'Election With Times'</a>
</li>
<li>
<a href="/india/congress-mla-aditi-singh-denies-shaadi-goss-with-bro-rahul-gandhi/articleshow/64056574.cms" pg="#Story_View-4-geturl~Top_Story_Section" title="MLA denies wedding rumours with 'bro Rahul'">MLA denies wedding rumours with 'bro Rahul'</a>
</li>
<li>
<a href="/entertainment/hindi/bollywood/news/salman-khan-blackbuck-poaching-case-plea-for-suspension-of-sentence-to-be-heard-on-july-17/articleshow/64057789.cms" pg="#Story_View-5-geturl~Top_Story_Section" title="Salman sentence suspension plea to be heard July 17">Salman sentence suspension plea to be heard July 17</a>
</li>
<li>
<a href="/india/mukesh-ambanis-daughter-isha-to-wed-anand-piramal/articleshow/64051783.cms" pg="#Story_View-6-geturl~Top_Story_Section" title="Mukesh Ambani's daughter to wed Anand Piramal">Mukesh Ambani's daughter to wed Anand Piramal</a><a href="/india/mukesh-ambanis-daughter-isha-to-wed-anand-piramal/articleshow/64051783.cms" pg="#Story_View-6-geturl~Top_Story_Section"><i class="icon_video"></i></a>
</li>
<li>
<a href="/india/isro-develops-desi-atomic-clock-to-be-used-in-navigation-satellites/articleshow/64056352.cms" pg="#Story_View-7-geturl~Top_Story_Section" title="Isro develops desi atomic clock">Isro develops desi atomic clock</a>
</li>
<li>
<a href="/india/seven-indians-abducted-in-afghanistan-taliban-hand-suspected/articleshow/64056797.cms" pg="#Story_View-8-geturl~Top_Story_Section" title="Seven Indians abducted in Afghanistan">Seven Indians abducted in Afghanistan</a>
</li>
</ul>
</div>
%%%%%%%%%%%%%%%%%%%%%%%%%%%%%%%%%%%%%%%%%%%%%%%%%%%%%%%%%%%%%%%%%%%%%%%%%%%%%%%%%%%%%%%%%%%%%%%%%%%%
ENTERTAINMENT CLASS "STORIES" IS AS FOLLOWS...
<div class="stories"><ul class="list8" data-vr-zone="ots"><li><a href="/entertainment/hindi/bollywood/news/how-alia-cracked-the-raazi-code/articleshow/64050941.cms" pg="#Story_View-1-geturl~Entertainment_Widget" title="How Alia cracked the 'Raazi' code">How Alia cracked the 'Raazi' code</a><a href="/entertainment/hindi/bollywood/news/how-alia-cracked-the-raazi-code/articleshow/64050941.cms" pg="#Story_View-1-geturl~Entertainment_Widget"><i class="icon_video"></i></a></li><li><a href="https://timesofindia.indiatimes.com/entertainment/hindi/bollywood/photo-features/priyanka-chopras-befitting-reply-on-bollywood-being-called-as-a-genre/photostory/64050086.cms" pg="#Story_View-2-geturl~Entertainment_Widget" title="Priyanka's reply on B'wood called as a genre">Priyanka's reply on B'wood called as a genre</a></li><li><a href="https://www.misskyra.com/fashion/our-search-for-the-perfect-neckpiece-ends-at-katrina-kaifs-choker-and-yours-will-too/articleshow/64048202.cms?utm_platform=Web&amp;utm_source=TOIHP_Web&amp;utm_medium=Referral&amp;utm_campaign=TOI_MissKyra_articleshow" pg="#Story_View-3-geturl~Entertainment_Widget" rel="nofollow" title="Perfect neckpiece ends at Katrina’s choker">Perfect neckpiece ends at Katrina’s choker</a></li><li><a href="https://timesofindia.indiatimes.com/entertainment/hindi/bollywood/photo-features/photo-sherlyn-chopra-bares-it-all-in-her-latest-photo-shoot/photostory/64052157.cms" pg="#Story_View-4-geturl~Entertainment_Widget" title="Latest photoshoot: Sherlyn bares it all">Latest photoshoot: Sherlyn bares it all</a></li><li><a href="https://timesofindia.indiatimes.com/entertainment/hindi/bollywood/news/Watch-Director-Kabir-Khan-tying-plaits-of-his-wife-Mini-Mathur-is-the-sweetest-thing-you-will-see-today/articleshow/64052283.cms" pg="#Story_View-5-geturl~Entertainment_Widget" title="Watch: Kabir Khan tying plaits of his wife">Watch: Kabir Khan tying plaits of his wife</a></li><li><a href="https://www.misskyra.com/fashion/met-gala-2018-everything-you-need-to-know/articleshow/64047969.cms?utm_platform=Web&amp;utm_source=TOIHP_Web&amp;utm_medium=Referral&amp;utm_campaign=TOI_MissKyra_articleshow" pg="#Story_View-6-geturl~Entertainment_Widget" rel="nofollow" title="Met Gala 2018: Everything you need to know">Met Gala 2018: Everything you need to know</a></li><li><a href="https://timesofindia.indiatimes.com/entertainment/hindi/bollywood/photo-features/sonam-kapoors-husband-to-be-anand-ahuja-has-set-a-strict-bedroom-rule-for-them/photostory/64051323.cms" pg="#Story_View-7-geturl~Entertainment_Widget" target="_blank" title="Sonam's beau sets a strict bedroom rule">Sonam's beau sets a strict bedroom rule</a></li><li><a href="https://timesofindia.indiatimes.com/entertainment/hindi/bollywood/photo-features/photos-salman-khan-spotted-at-mumbai-airport-as-he-heads-to-jodhpur-for-blackbuck-poaching-case-hearing/photostory/64050859.cms" pg="#Story_View-8-geturl~Entertainment_Widget" title="Salman heads for Blackbuck case hearing">Salman heads for Blackbuck case hearing</a></li><li><a href="https://timesofindia.indiatimes.com/entertainment/hindi/movie-reviews/102-not-out/movie-review/64006230.cms" pg="#Story_View-9-geturl~Entertainment_Widget" title="Movie Review: 102 Not Out-3.5/5">Movie Review: 102 Not Out-3.5/5</a></li><li><a href="https://timesofindia.indiatimes.com/entertainment/hindi/movie-reviews/omerta/movie-review/64007522.cms" pg="#Story_View-10-geturl~Entertainment_Widget" title="Movie Review: Omerta- 3/5">Movie Review: Omerta- 3/5</a></li><li><a href="https://beautypageants.indiatimes.com/others/model-sued-for-sexually-arousing-a-dog/eventshow/64014390.cms?utm_platform=Web&amp;utm_source=TOIHP_Web&amp;utm_medium=Referral&amp;utm_campaign=TOI_BP_articleshow" pg="ots_promo" rel="nofollow" title="Model sued for sexually arousing a dog">Model sued for sexually arousing a dog</a></li></ul></div>
